<?xml version="1.0" encoding="UTF-8"?>
<testng-results skipped="0" failed="0" ignored="0" total="1" passed="1">
  <reporter-output>
  </reporter-output>
  <suite name="com.selauto.tests.MyTest" duration-ms="115232" started-at="2017-08-12T12:06:59Z" finished-at="2017-08-12T12:08:54Z">
    <groups>
    </groups>
    <test name="Command line test" duration-ms="115232" started-at="2017-08-12T12:06:59Z" finished-at="2017-08-12T12:08:54Z">
      <class name="com.selauto.tests.MyTest">
        <test-method status="PASS" signature="firstTest()[pri:0, instance:com.selauto.tests.MyTest@79b4d0f]" name="firstTest" duration-ms="113867" started-at="2017-08-12T17:37:00Z" finished-at="2017-08-12T17:38:54Z">
          <reporter-output>
          </reporter-output>
        </test-method> <!-- firstTest -->
      </class> <!-- com.selauto.tests.MyTest -->
    </test> <!-- Command line test -->
  </suite> <!-- com.selauto.tests.MyTest -->
</testng-results>
