<?xml version="1.0" encoding="UTF-8"?>
<testng-results skipped="0" failed="0" ignored="0" total="1" passed="1">
  <reporter-output>
  </reporter-output>
  <suite name="Default suite" duration-ms="15130" started-at="2017-08-12T12:37:57Z" finished-at="2017-08-12T12:38:12Z">
    <groups>
    </groups>
    <test name="Default test" duration-ms="15130" started-at="2017-08-12T12:37:57Z" finished-at="2017-08-12T12:38:12Z">
      <class name="com.selauto.tests.My2Test">
        <test-method status="PASS" signature="setUp()[pri:0, instance:com.selauto.tests.My2Test@29774679]" name="setUp" is-config="true" duration-ms="6548" started-at="2017-08-12T18:07:57Z" finished-at="2017-08-12T18:08:04Z">
          <reporter-output>
          </reporter-output>
        </test-method> <!-- setUp -->
        <test-method status="PASS" signature="TestMethod()[pri:0, instance:com.selauto.tests.My2Test@29774679]" name="TestMethod" duration-ms="6887" started-at="2017-08-12T18:08:04Z" finished-at="2017-08-12T18:08:11Z">
          <reporter-output>
          </reporter-output>
        </test-method> <!-- TestMethod -->
        <test-method status="PASS" signature="tearDown()[pri:0, instance:com.selauto.tests.My2Test@29774679]" name="tearDown" is-config="true" duration-ms="1638" started-at="2017-08-12T18:08:11Z" finished-at="2017-08-12T18:08:12Z">
          <reporter-output>
          </reporter-output>
        </test-method> <!-- tearDown -->
      </class> <!-- com.selauto.tests.My2Test -->
    </test> <!-- Default test -->
  </suite> <!-- Default suite -->
</testng-results>
